<?xml version="1.0" encoding="UTF-8"?>
<robot generator="Robot 5.0 (Python 3.10.4 on win32)" generated="20220508 00:54:06.382" rpa="false" schemaversion="3">
<suite id="s1" name="desafioDom gherkin bdd" source="C:\Desafio1\RobotFramework\WebTesting\desafioDom_gherkin_bdd.robot">
<test id="s1-t1" name="Caso de Teste 01 - clique em todos os 3 botões" line="9">
<kw name="Abrir o navegador" library="desafioDom.resources" type="SETUP">
<kw name="Open Browser" library="SeleniumLibrary">
<arg>browser=firefox</arg>
<doc>Opens a new browser instance to the optional ``url``.</doc>
<msg timestamp="20220508 00:54:07.346" level="INFO">Opening browser 'firefox' to base url 'None'.</msg>
<msg timestamp="20220508 00:54:07.350" level="INFO">Firefox driver log is always forced to to: C:\Desafio1\RobotFramework\WebTesting\resultados\geckodriver-1.log</msg>
<status status="PASS" starttime="20220508 00:54:07.344" endtime="20220508 00:54:20.534"/>
</kw>
<kw name="Maximize Browser Window" library="SeleniumLibrary">
<doc>Maximizes current browser window.</doc>
<status status="PASS" starttime="20220508 00:54:20.534" endtime="20220508 00:54:20.544"/>
</kw>
<status status="PASS" starttime="20220508 00:54:07.340" endtime="20220508 00:54:20.545"/>
</kw>
<kw name="Dado que estou na page da the-internet.herokuapp.com/challenging_dom" library="desafioDom.resources">
<kw name="Acessar o endereço web desafioDom" library="desafioDom.resources">
<kw name="Go To" library="SeleniumLibrary">
<arg>url=${URL}</arg>
<doc>Navigates the current browser window to the provided ``url``.</doc>
<msg timestamp="20220508 00:54:20.573" level="INFO">Opening url 'https://the-internet.herokuapp.com/challenging_dom'</msg>
<status status="PASS" starttime="20220508 00:54:20.571" endtime="20220508 00:54:23.795"/>
</kw>
<kw name="Wait Until Page Contains" library="SeleniumLibrary">
<arg>text=${Titulo}</arg>
<doc>Waits until ``text`` appears on the current page.</doc>
<status status="PASS" starttime="20220508 00:54:23.796" endtime="20220508 00:54:23.872"/>
</kw>
<status status="PASS" starttime="20220508 00:54:20.570" endtime="20220508 00:54:23.873"/>
</kw>
<status status="PASS" starttime="20220508 00:54:20.567" endtime="20220508 00:54:23.874"/>
</kw>
<kw name="Quando verificar o titulo Challenging DOM" library="desafioDom.resources">
<kw name="Verifique o Titulo" library="desafioDom.resources">
<kw name="Element Should Be Visible" library="SeleniumLibrary">
<arg>locator=${Challenging_Dom}</arg>
<doc>Verifies that the element identified by ``locator`` is visible.</doc>
<msg timestamp="20220508 00:54:24.031" level="INFO">Element '//h3[contains(.,'Challenging DOM')]' is displayed.</msg>
<status status="PASS" starttime="20220508 00:54:23.879" endtime="20220508 00:54:24.031"/>
</kw>
<status status="PASS" starttime="20220508 00:54:23.878" endtime="20220508 00:54:24.032"/>
</kw>
<status status="PASS" starttime="20220508 00:54:23.877" endtime="20220508 00:54:24.033"/>
</kw>
<kw name="Então clico nos botões azul, vermelho e verde" library="desafioDom.resources">
<kw name="Clicar nos botões" library="desafioDom.resources">
<kw name="Click Link" library="SeleniumLibrary">
<arg>xpath=${Button[0]}</arg>
<doc>Clicks a link identified by ``locator``.</doc>
<msg timestamp="20220508 00:54:24.157" level="INFO">Clicking link 'xpath=//a[@class='button']'.</msg>
<status status="PASS" starttime="20220508 00:54:24.149" endtime="20220508 00:54:25.137"/>
</kw>
<kw name="Click Link" library="SeleniumLibrary">
<arg>xpath=${Button[1]}</arg>
<doc>Clicks a link identified by ``locator``.</doc>
<msg timestamp="20220508 00:54:25.143" level="INFO">Clicking link 'xpath=//a[contains(@class,'button alert')]'.</msg>
<status status="PASS" starttime="20220508 00:54:25.138" endtime="20220508 00:54:25.984"/>
</kw>
<kw name="Click Link" library="SeleniumLibrary">
<arg>xpath=${Button[2]}</arg>
<doc>Clicks a link identified by ``locator``.</doc>
<msg timestamp="20220508 00:54:25.989" level="INFO">Clicking link 'xpath=//a[contains(@class,'button success')]'.</msg>
<status status="PASS" starttime="20220508 00:54:25.984" endtime="20220508 00:54:27.077"/>
</kw>
<kw name="Element Should Be Visible" library="SeleniumLibrary">
<arg>locator=${Challenging_Dom}</arg>
<doc>Verifies that the element identified by ``locator`` is visible.</doc>
<msg timestamp="20220508 00:54:27.247" level="INFO">Element '//h3[contains(.,'Challenging DOM')]' is displayed.</msg>
<status status="PASS" starttime="20220508 00:54:27.078" endtime="20220508 00:54:27.247"/>
</kw>
<status status="PASS" starttime="20220508 00:54:24.145" endtime="20220508 00:54:27.248"/>
</kw>
<status status="PASS" starttime="20220508 00:54:24.139" endtime="20220508 00:54:27.249"/>
</kw>
<kw name="Fechar o navegador" library="desafioDom.resources" type="TEARDOWN">
<kw name="Capture Page Screenshot" library="SeleniumLibrary">
<doc>Takes a screenshot of the current page and embeds it into a log file.</doc>
<msg timestamp="20220508 00:54:27.470" level="INFO" html="true">&lt;/td&gt;&lt;/tr&gt;&lt;tr&gt;&lt;td colspan="3"&gt;&lt;a href="selenium-screenshot-1.png"&gt;&lt;img src="selenium-screenshot-1.png" width="800px"&gt;&lt;/a&gt;</msg>
<status status="PASS" starttime="20220508 00:54:27.263" endtime="20220508 00:54:27.470"/>
</kw>
<kw name="Close Browser" library="SeleniumLibrary">
<doc>Closes the current browser.</doc>
<status status="PASS" starttime="20220508 00:54:27.471" endtime="20220508 00:54:31.527"/>
</kw>
<status status="PASS" starttime="20220508 00:54:27.261" endtime="20220508 00:54:31.528"/>
</kw>
<doc>Esse teste verifica a seleção dos button azul, vermelho, verde</doc>
<tag>button</tag>
<status status="PASS" starttime="20220508 00:54:07.337" endtime="20220508 00:54:31.529"/>
</test>
<test id="s1-t2" name="Caso de Teste 02 - clicar em todos os botões edit e delete da grid" line="16">
<kw name="Abrir o navegador" library="desafioDom.resources" type="SETUP">
<kw name="Open Browser" library="SeleniumLibrary">
<arg>browser=firefox</arg>
<doc>Opens a new browser instance to the optional ``url``.</doc>
<msg timestamp="20220508 00:54:31.542" level="INFO">Opening browser 'firefox' to base url 'None'.</msg>
<msg timestamp="20220508 00:54:31.545" level="INFO">Firefox driver log is always forced to to: C:\Desafio1\RobotFramework\WebTesting\resultados\geckodriver-2.log</msg>
<status status="PASS" starttime="20220508 00:54:31.541" endtime="20220508 00:54:44.974"/>
</kw>
<kw name="Maximize Browser Window" library="SeleniumLibrary">
<doc>Maximizes current browser window.</doc>
<status status="PASS" starttime="20220508 00:54:44.975" endtime="20220508 00:54:44.985"/>
</kw>
<status status="PASS" starttime="20220508 00:54:31.538" endtime="20220508 00:54:44.986"/>
</kw>
<kw name="Dado que estou na page da the-internet.herokuapp.com/challenging_dom" library="desafioDom.resources">
<kw name="Acessar o endereço web desafioDom" library="desafioDom.resources">
<kw name="Go To" library="SeleniumLibrary">
<arg>url=${URL}</arg>
<doc>Navigates the current browser window to the provided ``url``.</doc>
<msg timestamp="20220508 00:54:44.997" level="INFO">Opening url 'https://the-internet.herokuapp.com/challenging_dom'</msg>
<status status="PASS" starttime="20220508 00:54:44.995" endtime="20220508 00:54:48.282"/>
</kw>
<kw name="Wait Until Page Contains" library="SeleniumLibrary">
<arg>text=${Titulo}</arg>
<doc>Waits until ``text`` appears on the current page.</doc>
<status status="PASS" starttime="20220508 00:54:48.282" endtime="20220508 00:54:48.368"/>
</kw>
<status status="PASS" starttime="20220508 00:54:44.994" endtime="20220508 00:54:48.369"/>
</kw>
<status status="PASS" starttime="20220508 00:54:44.992" endtime="20220508 00:54:48.369"/>
</kw>
<kw name="Quando verificar o titulo Challenging DOM" library="desafioDom.resources">
<kw name="Verifique o Titulo" library="desafioDom.resources">
<kw name="Element Should Be Visible" library="SeleniumLibrary">
<arg>locator=${Challenging_Dom}</arg>
<doc>Verifies that the element identified by ``locator`` is visible.</doc>
<msg timestamp="20220508 00:54:48.513" level="INFO">Element '//h3[contains(.,'Challenging DOM')]' is displayed.</msg>
<status status="PASS" starttime="20220508 00:54:48.381" endtime="20220508 00:54:48.514"/>
</kw>
<status status="PASS" starttime="20220508 00:54:48.380" endtime="20220508 00:54:48.515"/>
</kw>
<status status="PASS" starttime="20220508 00:54:48.378" endtime="20220508 00:54:48.517"/>
</kw>
<kw name="Então clico no link edit do grid" library="desafioDom.resources">
<kw name="Clicar no link edit" library="desafioDom.resources">
<kw name="Click Link" library="SeleniumLibrary">
<arg>link=${edit[1]}</arg>
<doc>Clicks a link identified by ``locator``.</doc>
<msg timestamp="20220508 00:54:48.540" level="INFO">Clicking link 'link=edit'.</msg>
<status status="PASS" starttime="20220508 00:54:48.536" endtime="20220508 00:54:49.110"/>
</kw>
<kw name="Click Link" library="SeleniumLibrary">
<arg>link=${edit[2]}</arg>
<doc>Clicks a link identified by ``locator``.</doc>
<msg timestamp="20220508 00:54:49.114" level="INFO">Clicking link 'link=edit'.</msg>
<status status="PASS" starttime="20220508 00:54:49.110" endtime="20220508 00:54:49.651"/>
</kw>
<kw name="Click Link" library="SeleniumLibrary">
<arg>link=${edit[3]}</arg>
<doc>Clicks a link identified by ``locator``.</doc>
<msg timestamp="20220508 00:54:49.656" level="INFO">Clicking link 'link=edit'.</msg>
<status status="PASS" starttime="20220508 00:54:49.652" endtime="20220508 00:54:50.211"/>
</kw>
<kw name="Click Link" library="SeleniumLibrary">
<arg>link=${edit[4]}</arg>
<doc>Clicks a link identified by ``locator``.</doc>
<msg timestamp="20220508 00:54:50.214" level="INFO">Clicking link 'link=edit'.</msg>
<status status="PASS" starttime="20220508 00:54:50.211" endtime="20220508 00:54:50.717"/>
</kw>
<kw name="Click Link" library="SeleniumLibrary">
<arg>link=${edit[5]}</arg>
<doc>Clicks a link identified by ``locator``.</doc>
<msg timestamp="20220508 00:54:50.720" level="INFO">Clicking link 'link=edit'.</msg>
<status status="PASS" starttime="20220508 00:54:50.718" endtime="20220508 00:54:51.234"/>
</kw>
<kw name="Click Link" library="SeleniumLibrary">
<arg>link=${edit[6]}</arg>
<doc>Clicks a link identified by ``locator``.</doc>
<msg timestamp="20220508 00:54:51.236" level="INFO">Clicking link 'link=edit'.</msg>
<status status="PASS" starttime="20220508 00:54:51.234" endtime="20220508 00:54:51.799"/>
</kw>
<kw name="Click Link" library="SeleniumLibrary">
<arg>link=${edit[7]}</arg>
<doc>Clicks a link identified by ``locator``.</doc>
<msg timestamp="20220508 00:54:51.803" level="INFO">Clicking link 'link=edit'.</msg>
<status status="PASS" starttime="20220508 00:54:51.799" endtime="20220508 00:54:52.378"/>
</kw>
<kw name="Click Link" library="SeleniumLibrary">
<arg>link=${edit[8]}</arg>
<doc>Clicks a link identified by ``locator``.</doc>
<msg timestamp="20220508 00:54:52.381" level="INFO">Clicking link 'link=edit'.</msg>
<status status="PASS" starttime="20220508 00:54:52.379" endtime="20220508 00:54:52.926"/>
</kw>
<kw name="Click Link" library="SeleniumLibrary">
<arg>link=${edit[9]}</arg>
<doc>Clicks a link identified by ``locator``.</doc>
<msg timestamp="20220508 00:54:52.929" level="INFO">Clicking link 'link=edit'.</msg>
<status status="PASS" starttime="20220508 00:54:52.926" endtime="20220508 00:54:53.492"/>
</kw>
<kw name="Element Should Be Visible" library="SeleniumLibrary">
<arg>locator=${Challenging_Dom}</arg>
<doc>Verifies that the element identified by ``locator`` is visible.</doc>
<msg timestamp="20220508 00:54:53.536" level="INFO">Element '//h3[contains(.,'Challenging DOM')]' is displayed.</msg>
<status status="PASS" starttime="20220508 00:54:53.492" endtime="20220508 00:54:53.536"/>
</kw>
<status status="PASS" starttime="20220508 00:54:48.534" endtime="20220508 00:54:53.537"/>
</kw>
<status status="PASS" starttime="20220508 00:54:48.532" endtime="20220508 00:54:53.537"/>
</kw>
<kw name="E no link delete do grid" library="desafioDom.resources">
<kw name="Clicar no link delete" library="desafioDom.resources">
<kw name="Click Link" library="SeleniumLibrary">
<arg>link=${Delete[1]}</arg>
<doc>Clicks a link identified by ``locator``.</doc>
<msg timestamp="20220508 00:54:53.543" level="INFO">Clicking link 'link=delete'.</msg>
<status status="PASS" starttime="20220508 00:54:53.541" endtime="20220508 00:54:53.942"/>
</kw>
<kw name="Click Link" library="SeleniumLibrary">
<arg>link=${Delete[2]}</arg>
<doc>Clicks a link identified by ``locator``.</doc>
<msg timestamp="20220508 00:54:53.946" level="INFO">Clicking link 'link=delete'.</msg>
<status status="PASS" starttime="20220508 00:54:53.943" endtime="20220508 00:54:54.542"/>
</kw>
<kw name="Click Link" library="SeleniumLibrary">
<arg>link=${Delete[3]}</arg>
<doc>Clicks a link identified by ``locator``.</doc>
<msg timestamp="20220508 00:54:54.544" level="INFO">Clicking link 'link=delete'.</msg>
<status status="PASS" starttime="20220508 00:54:54.542" endtime="20220508 00:54:55.167"/>
</kw>
<kw name="Click Link" library="SeleniumLibrary">
<arg>link=${Delete[4]}</arg>
<doc>Clicks a link identified by ``locator``.</doc>
<msg timestamp="20220508 00:54:55.170" level="INFO">Clicking link 'link=delete'.</msg>
<status status="PASS" starttime="20220508 00:54:55.167" endtime="20220508 00:54:55.774"/>
</kw>
<kw name="Click Link" library="SeleniumLibrary">
<arg>link=${Delete[5]}</arg>
<doc>Clicks a link identified by ``locator``.</doc>
<msg timestamp="20220508 00:54:55.776" level="INFO">Clicking link 'link=delete'.</msg>
<status status="PASS" starttime="20220508 00:54:55.774" endtime="20220508 00:54:56.448"/>
</kw>
<kw name="Click Link" library="SeleniumLibrary">
<arg>link=${Delete[6]}</arg>
<doc>Clicks a link identified by ``locator``.</doc>
<msg timestamp="20220508 00:54:56.450" level="INFO">Clicking link 'link=delete'.</msg>
<status status="PASS" starttime="20220508 00:54:56.448" endtime="20220508 00:54:57.118"/>
</kw>
<kw name="Click Link" library="SeleniumLibrary">
<arg>link=${Delete[7]}</arg>
<doc>Clicks a link identified by ``locator``.</doc>
<msg timestamp="20220508 00:54:57.123" level="INFO">Clicking link 'link=delete'.</msg>
<status status="PASS" starttime="20220508 00:54:57.119" endtime="20220508 00:54:57.964"/>
</kw>
<kw name="Click Link" library="SeleniumLibrary">
<arg>link=${Delete[8]}</arg>
<doc>Clicks a link identified by ``locator``.</doc>
<msg timestamp="20220508 00:54:57.966" level="INFO">Clicking link 'link=delete'.</msg>
<status status="PASS" starttime="20220508 00:54:57.964" endtime="20220508 00:54:58.630"/>
</kw>
<kw name="Click Link" library="SeleniumLibrary">
<arg>link=${Delete[9]}</arg>
<doc>Clicks a link identified by ``locator``.</doc>
<msg timestamp="20220508 00:54:58.632" level="INFO">Clicking link 'link=delete'.</msg>
<status status="PASS" starttime="20220508 00:54:58.630" endtime="20220508 00:54:59.323"/>
</kw>
<kw name="Element Should Be Visible" library="SeleniumLibrary">
<arg>locator=${Challenging_Dom}</arg>
<doc>Verifies that the element identified by ``locator`` is visible.</doc>
<msg timestamp="20220508 00:54:59.371" level="INFO">Element '//h3[contains(.,'Challenging DOM')]' is displayed.</msg>
<status status="PASS" starttime="20220508 00:54:59.323" endtime="20220508 00:54:59.371"/>
</kw>
<status status="PASS" starttime="20220508 00:54:53.540" endtime="20220508 00:54:59.372"/>
</kw>
<status status="PASS" starttime="20220508 00:54:53.539" endtime="20220508 00:54:59.372"/>
</kw>
<kw name="Fechar o navegador" library="desafioDom.resources" type="TEARDOWN">
<kw name="Capture Page Screenshot" library="SeleniumLibrary">
<doc>Takes a screenshot of the current page and embeds it into a log file.</doc>
<msg timestamp="20220508 00:54:59.530" level="INFO" html="true">&lt;/td&gt;&lt;/tr&gt;&lt;tr&gt;&lt;td colspan="3"&gt;&lt;a href="selenium-screenshot-2.png"&gt;&lt;img src="selenium-screenshot-2.png" width="800px"&gt;&lt;/a&gt;</msg>
<status status="PASS" starttime="20220508 00:54:59.375" endtime="20220508 00:54:59.531"/>
</kw>
<kw name="Close Browser" library="SeleniumLibrary">
<doc>Closes the current browser.</doc>
<status status="PASS" starttime="20220508 00:54:59.531" endtime="20220508 00:55:02.605"/>
</kw>
<status status="PASS" starttime="20220508 00:54:59.374" endtime="20220508 00:55:02.606"/>
</kw>
<doc>Esse teste verifica a seleção dos link edit, delete</doc>
<tag>link</tag>
<status status="PASS" starttime="20220508 00:54:31.534" endtime="20220508 00:55:02.607"/>
</test>
<doc>Essa suíte executa o Desafio Dom</doc>
<status status="PASS" starttime="20220508 00:54:06.390" endtime="20220508 00:55:02.612"/>
</suite>
<statistics>
<total>
<stat pass="2" fail="0" skip="0">All Tests</stat>
</total>
<tag>
<stat pass="1" fail="0" skip="0">button</stat>
<stat pass="1" fail="0" skip="0">link</stat>
</tag>
<suite>
<stat pass="2" fail="0" skip="0" id="s1" name="desafioDom gherkin bdd">desafioDom gherkin bdd</stat>
</suite>
</statistics>
<errors>
</errors>
</robot>
